  main.cpp
E:\Year3 Sem1\cs3241\lab 1\CS3241 Lab 1 Doodle (MSVC)\CS3241 Lab 1 Doodle (MSVC)\CS3241 Lab 1 Doodle\main.cpp(22,12): warning C4305: “初始化”: 从“double”到“GLfloat”截断
E:\Year3 Sem1\cs3241\lab 1\CS3241 Lab 1 Doodle (MSVC)\CS3241 Lab 1 Doodle (MSVC)\CS3241 Lab 1 Doodle\main.cpp(30,24): warning C4305: “参数”: 从“double”到“GLfloat”截断
E:\Year3 Sem1\cs3241\lab 1\CS3241 Lab 1 Doodle (MSVC)\CS3241 Lab 1 Doodle (MSVC)\CS3241 Lab 1 Doodle\main.cpp(30,18): warning C4305: “参数”: 从“double”到“GLfloat”截断
E:\Year3 Sem1\cs3241\lab 1\CS3241 Lab 1 Doodle (MSVC)\CS3241 Lab 1 Doodle (MSVC)\CS3241 Lab 1 Doodle\main.cpp(30,13): warning C4305: “参数”: 从“double”到“GLfloat”截断
E:\Year3 Sem1\cs3241\lab 1\CS3241 Lab 1 Doodle (MSVC)\CS3241 Lab 1 Doodle (MSVC)\CS3241 Lab 1 Doodle\main.cpp(32,25): warning C4305: “参数”: 从“double”到“GLfloat”截断
E:\Year3 Sem1\cs3241\lab 1\CS3241 Lab 1 Doodle (MSVC)\CS3241 Lab 1 Doodle (MSVC)\CS3241 Lab 1 Doodle\main.cpp(32,19): warning C4305: “参数”: 从“double”到“GLfloat”截断
E:\Year3 Sem1\cs3241\lab 1\CS3241 Lab 1 Doodle (MSVC)\CS3241 Lab 1 Doodle (MSVC)\CS3241 Lab 1 Doodle\main.cpp(32,13): warning C4305: “参数”: 从“double”到“GLfloat”截断
E:\Year3 Sem1\cs3241\lab 1\CS3241 Lab 1 Doodle (MSVC)\CS3241 Lab 1 Doodle (MSVC)\CS3241 Lab 1 Doodle\main.cpp(35,23): warning C4305: “参数”: 从“double”到“GLfloat”截断
E:\Year3 Sem1\cs3241\lab 1\CS3241 Lab 1 Doodle (MSVC)\CS3241 Lab 1 Doodle (MSVC)\CS3241 Lab 1 Doodle\main.cpp(35,18): warning C4305: “参数”: 从“double”到“GLfloat”截断
E:\Year3 Sem1\cs3241\lab 1\CS3241 Lab 1 Doodle (MSVC)\CS3241 Lab 1 Doodle (MSVC)\CS3241 Lab 1 Doodle\main.cpp(35,13): warning C4305: “参数”: 从“double”到“GLfloat”截断
E:\Year3 Sem1\cs3241\lab 1\CS3241 Lab 1 Doodle (MSVC)\CS3241 Lab 1 Doodle (MSVC)\CS3241 Lab 1 Doodle\main.cpp(36,22): warning C4305: “参数”: 从“double”到“GLfloat”截断
E:\Year3 Sem1\cs3241\lab 1\CS3241 Lab 1 Doodle (MSVC)\CS3241 Lab 1 Doodle (MSVC)\CS3241 Lab 1 Doodle\main.cpp(36,14): warning C4305: “参数”: 从“double”到“GLfloat”截断
E:\Year3 Sem1\cs3241\lab 1\CS3241 Lab 1 Doodle (MSVC)\CS3241 Lab 1 Doodle (MSVC)\CS3241 Lab 1 Doodle\main.cpp(37,22): warning C4305: “参数”: 从“double”到“GLfloat”截断
E:\Year3 Sem1\cs3241\lab 1\CS3241 Lab 1 Doodle (MSVC)\CS3241 Lab 1 Doodle (MSVC)\CS3241 Lab 1 Doodle\main.cpp(37,14): warning C4305: “参数”: 从“double”到“GLfloat”截断
E:\Year3 Sem1\cs3241\lab 1\CS3241 Lab 1 Doodle (MSVC)\CS3241 Lab 1 Doodle (MSVC)\CS3241 Lab 1 Doodle\main.cpp(57,24): warning C4305: “参数”: 从“double”到“GLfloat”截断
E:\Year3 Sem1\cs3241\lab 1\CS3241 Lab 1 Doodle (MSVC)\CS3241 Lab 1 Doodle (MSVC)\CS3241 Lab 1 Doodle\main.cpp(57,19): warning C4305: “参数”: 从“double”到“GLfloat”截断
E:\Year3 Sem1\cs3241\lab 1\CS3241 Lab 1 Doodle (MSVC)\CS3241 Lab 1 Doodle (MSVC)\CS3241 Lab 1 Doodle\main.cpp(57,13): warning C4305: “参数”: 从“double”到“GLfloat”截断
E:\Year3 Sem1\cs3241\lab 1\CS3241 Lab 1 Doodle (MSVC)\CS3241 Lab 1 Doodle (MSVC)\CS3241 Lab 1 Doodle\main.cpp(60,24): warning C4305: “参数”: 从“double”到“GLfloat”截断
E:\Year3 Sem1\cs3241\lab 1\CS3241 Lab 1 Doodle (MSVC)\CS3241 Lab 1 Doodle (MSVC)\CS3241 Lab 1 Doodle\main.cpp(60,18): warning C4305: “参数”: 从“double”到“GLfloat”截断
E:\Year3 Sem1\cs3241\lab 1\CS3241 Lab 1 Doodle (MSVC)\CS3241 Lab 1 Doodle (MSVC)\CS3241 Lab 1 Doodle\main.cpp(64,22): warning C4305: “参数”: 从“double”到“GLfloat”截断
E:\Year3 Sem1\cs3241\lab 1\CS3241 Lab 1 Doodle (MSVC)\CS3241 Lab 1 Doodle (MSVC)\CS3241 Lab 1 Doodle\main.cpp(64,14): warning C4305: “参数”: 从“double”到“GLfloat”截断
E:\Year3 Sem1\cs3241\lab 1\CS3241 Lab 1 Doodle (MSVC)\CS3241 Lab 1 Doodle (MSVC)\CS3241 Lab 1 Doodle\main.cpp(67,23): warning C4305: “参数”: 从“double”到“GLfloat”截断
E:\Year3 Sem1\cs3241\lab 1\CS3241 Lab 1 Doodle (MSVC)\CS3241 Lab 1 Doodle (MSVC)\CS3241 Lab 1 Doodle\main.cpp(67,14): warning C4305: “参数”: 从“double”到“GLfloat”截断
E:\Year3 Sem1\cs3241\lab 1\CS3241 Lab 1 Doodle (MSVC)\CS3241 Lab 1 Doodle (MSVC)\CS3241 Lab 1 Doodle\main.cpp(70,22): warning C4305: “参数”: 从“double”到“GLfloat”截断
E:\Year3 Sem1\cs3241\lab 1\CS3241 Lab 1 Doodle (MSVC)\CS3241 Lab 1 Doodle (MSVC)\CS3241 Lab 1 Doodle\main.cpp(70,14): warning C4305: “参数”: 从“double”到“GLfloat”截断
E:\Year3 Sem1\cs3241\lab 1\CS3241 Lab 1 Doodle (MSVC)\CS3241 Lab 1 Doodle (MSVC)\CS3241 Lab 1 Doodle\main.cpp(73,23): warning C4305: “参数”: 从“double”到“GLfloat”截断
E:\Year3 Sem1\cs3241\lab 1\CS3241 Lab 1 Doodle (MSVC)\CS3241 Lab 1 Doodle (MSVC)\CS3241 Lab 1 Doodle\main.cpp(73,14): warning C4305: “参数”: 从“double”到“GLfloat”截断
E:\Year3 Sem1\cs3241\lab 1\CS3241 Lab 1 Doodle (MSVC)\CS3241 Lab 1 Doodle (MSVC)\CS3241 Lab 1 Doodle\main.cpp(92,23): warning C4305: “参数”: 从“double”到“GLfloat”截断
E:\Year3 Sem1\cs3241\lab 1\CS3241 Lab 1 Doodle (MSVC)\CS3241 Lab 1 Doodle (MSVC)\CS3241 Lab 1 Doodle\main.cpp(92,18): warning C4305: “参数”: 从“double”到“GLfloat”截断
E:\Year3 Sem1\cs3241\lab 1\CS3241 Lab 1 Doodle (MSVC)\CS3241 Lab 1 Doodle (MSVC)\CS3241 Lab 1 Doodle\main.cpp(92,13): warning C4305: “参数”: 从“double”到“GLfloat”截断
E:\Year3 Sem1\cs3241\lab 1\CS3241 Lab 1 Doodle (MSVC)\CS3241 Lab 1 Doodle (MSVC)\CS3241 Lab 1 Doodle\main.cpp(94,14): warning C4305: “参数”: 从“double”到“GLfloat”截断
E:\Year3 Sem1\cs3241\lab 1\CS3241 Lab 1 Doodle (MSVC)\CS3241 Lab 1 Doodle (MSVC)\CS3241 Lab 1 Doodle\main.cpp(96,23): warning C4305: “参数”: 从“double”到“GLfloat”截断
E:\Year3 Sem1\cs3241\lab 1\CS3241 Lab 1 Doodle (MSVC)\CS3241 Lab 1 Doodle (MSVC)\CS3241 Lab 1 Doodle\main.cpp(96,18): warning C4305: “参数”: 从“double”到“GLfloat”截断
E:\Year3 Sem1\cs3241\lab 1\CS3241 Lab 1 Doodle (MSVC)\CS3241 Lab 1 Doodle (MSVC)\CS3241 Lab 1 Doodle\main.cpp(96,13): warning C4305: “参数”: 从“double”到“GLfloat”截断
E:\Year3 Sem1\cs3241\lab 1\CS3241 Lab 1 Doodle (MSVC)\CS3241 Lab 1 Doodle (MSVC)\CS3241 Lab 1 Doodle\main.cpp(98,14): warning C4305: “参数”: 从“double”到“GLfloat”截断
E:\Year3 Sem1\cs3241\lab 1\CS3241 Lab 1 Doodle (MSVC)\CS3241 Lab 1 Doodle (MSVC)\CS3241 Lab 1 Doodle\main.cpp(120,28): warning C4305: “参数”: 从“double”到“GLfloat”截断
E:\Year3 Sem1\cs3241\lab 1\CS3241 Lab 1 Doodle (MSVC)\CS3241 Lab 1 Doodle (MSVC)\CS3241 Lab 1 Doodle\main.cpp(129,25): warning C4305: “参数”: 从“double”到“GLclampf”截断
E:\Year3 Sem1\cs3241\lab 1\CS3241 Lab 1 Doodle (MSVC)\CS3241 Lab 1 Doodle (MSVC)\CS3241 Lab 1 Doodle\main.cpp(129,20): warning C4305: “参数”: 从“double”到“GLclampf”截断
E:\Year3 Sem1\cs3241\lab 1\CS3241 Lab 1 Doodle (MSVC)\CS3241 Lab 1 Doodle (MSVC)\CS3241 Lab 1 Doodle\main.cpp(129,15): warning C4305: “参数”: 从“double”到“GLclampf”截断
E:\Year3 Sem1\cs3241\lab 1\CS3241 Lab 1 Doodle (MSVC)\CS3241 Lab 1 Doodle (MSVC)\CS3241 Lab 1 Doodle\main.cpp(141,17): warning C4305: “参数”: 从“double”到“GLfloat”截断
E:\Year3 Sem1\cs3241\lab 1\CS3241 Lab 1 Doodle (MSVC)\CS3241 Lab 1 Doodle (MSVC)\CS3241 Lab 1 Doodle\main.cpp(141,12): warning C4305: “参数”: 从“double”到“GLfloat”截断
E:\Year3 Sem1\cs3241\lab 1\CS3241 Lab 1 Doodle (MSVC)\CS3241 Lab 1 Doodle (MSVC)\CS3241 Lab 1 Doodle\main.cpp(204,7): warning C4305: “+=”: 从“double”到“float”截断
E:\Year3 Sem1\cs3241\lab 1\CS3241 Lab 1 Doodle (MSVC)\CS3241 Lab 1 Doodle (MSVC)\CS3241 Lab 1 Doodle\main.cpp(210,8): warning C4305: “-=”: 从“double”到“float”截断
E:\Year3 Sem1\cs3241\lab 1\CS3241 Lab 1 Doodle (MSVC)\CS3241 Lab 1 Doodle (MSVC)\CS3241 Lab 1 Doodle\main.cpp(215,8): warning C4305: “-=”: 从“double”到“float”截断
E:\Year3 Sem1\cs3241\lab 1\CS3241 Lab 1 Doodle (MSVC)\CS3241 Lab 1 Doodle (MSVC)\CS3241 Lab 1 Doodle\main.cpp(220,8): warning C4305: “+=”: 从“double”到“float”截断
E:\Year3 Sem1\cs3241\lab 1\CS3241 Lab 1 Doodle (MSVC)\CS3241 Lab 1 Doodle (MSVC)\CS3241 Lab 1 Doodle\main.cpp(225,8): warning C4305: “-=”: 从“double”到“float”截断
E:\Year3 Sem1\cs3241\lab 1\CS3241 Lab 1 Doodle (MSVC)\CS3241 Lab 1 Doodle (MSVC)\CS3241 Lab 1 Doodle\main.cpp(230,8): warning C4305: “+=”: 从“double”到“float”截断
  CS3241 Lab 1 Doodle.vcxproj -> E:\Year3 Sem1\cs3241\lab 1\CS3241 Lab 1 Doodle (MSVC)\CS3241 Lab 1 Doodle (MSVC)\CS3241 Lab 1 Doodle\x64\Debug\CS3241 Lab 1 Doodle.exe
